<?xml version="1.0" encoding="UTF-8"?>
<Site BuildName="(empty)"
	BuildStamp="20231126-1608-Experimental"
	Name="clem-16Z90Q-G-AA79F"
	Generator="ctest-3.22.1"
	CompilerName="/usr/bin/c++"
	CompilerVersion="11.4.0"
	OSName="Linux"
	Hostname="clem-16Z90Q-G-AA79F"
	OSRelease="6.2.0-34-generic"
	OSVersion="#34~22.04.1-Ubuntu SMP PREEMPT_DYNAMIC Thu Sep  7 13:12:03 UTC 2"
	OSPlatform="x86_64"
	Is64Bits="1"
	VendorString="GenuineIntel"
	VendorID="Intel Corporation"
	FamilyID="6"
	ModelID="154"
	ProcessorCacheSize="18432"
	NumberOfLogicalCPU="16"
	NumberOfPhysicalCPU="12"
	TotalVirtualMemory="0"
	TotalPhysicalMemory="15699"
	LogicalProcessorsPerPhysical="1"
	ProcessorClockFrequency="3838.85"
	>
	<Testing>
		<StartDateTime>Nov 26 17:08 CET</StartDateTime>
		<StartTestTime>1701014937</StartTestTime>
		<TestList>
			<Test>./copyright</Test>
			<Test>./cppcheck</Test>
			<Test>./cpplint</Test>
			<Test>./lint_cmake</Test>
			<Test>./uncrustify</Test>
			<Test>./xmllint</Test>
		</TestList>
		<Test Status="passed">
			<Name>copyright</Name>
			<Path>.</Path>
			<FullName>./copyright</FullName>
			<FullCommandLine>/usr/bin/python3.10 "-u" "/opt/ros/humble/share/ament_cmake_test/cmake/run_test.py" "/home/clem/ros2_ws/build/examples_rclcpp_wait_set/test_results/examples_rclcpp_wait_set/copyright.xunit.xml" "--package-name" "examples_rclcpp_wait_set" "--output-file" "/home/clem/ros2_ws/build/examples_rclcpp_wait_set/ament_copyright/copyright.txt" "--command" "/opt/ros/humble/bin/ament_copyright" "--xunit-file" "/home/clem/ros2_ws/build/examples_rclcpp_wait_set/test_results/examples_rclcpp_wait_set/copyright.xunit.xml"</FullCommandLine>
			<Results>
				<NamedMeasurement type="numeric/double" name="Execution Time">
					<Value>0.672366</Value>
				</NamedMeasurement>
				<NamedMeasurement type="numeric/double" name="Processors">
					<Value>1</Value>
				</NamedMeasurement>
				<NamedMeasurement type="text/string" name="Completion Status">
					<Value>Completed</Value>
				</NamedMeasurement>
				<NamedMeasurement type="text/string" name="Command Line">
					<Value>/usr/bin/python3.10 "-u" "/opt/ros/humble/share/ament_cmake_test/cmake/run_test.py" "/home/clem/ros2_ws/build/examples_rclcpp_wait_set/test_results/examples_rclcpp_wait_set/copyright.xunit.xml" "--package-name" "examples_rclcpp_wait_set" "--output-file" "/home/clem/ros2_ws/build/examples_rclcpp_wait_set/ament_copyright/copyright.txt" "--command" "/opt/ros/humble/bin/ament_copyright" "--xunit-file" "/home/clem/ros2_ws/build/examples_rclcpp_wait_set/test_results/examples_rclcpp_wait_set/copyright.xunit.xml"</Value>
				</NamedMeasurement>
				<NamedMeasurement type="text/string" name="Environment">
					<Value>#CTEST_RESOURCE_GROUP_COUNT=</Value>
				</NamedMeasurement>
				<Measurement>
					<Value>-- run_test.py: invoking following command in '/home/clem/ros2_ws/src/examples/rclcpp/wait_set':
 - /opt/ros/humble/bin/ament_copyright --xunit-file /home/clem/ros2_ws/build/examples_rclcpp_wait_set/test_results/examples_rclcpp_wait_set/copyright.xunit.xml
No problems found, checked 15 files
-- run_test.py: return code 0
-- run_test.py: verify result file '/home/clem/ros2_ws/build/examples_rclcpp_wait_set/test_results/examples_rclcpp_wait_set/copyright.xunit.xml'
</Value>
				</Measurement>
			</Results>
			<Labels>
				<Label>copyright</Label>
				<Label>linter</Label>
			</Labels>
		</Test>
		<Test Status="passed">
			<Name>cppcheck</Name>
			<Path>.</Path>
			<FullName>./cppcheck</FullName>
			<FullCommandLine>/usr/bin/python3.10 "-u" "/opt/ros/humble/share/ament_cmake_test/cmake/run_test.py" "/home/clem/ros2_ws/build/examples_rclcpp_wait_set/test_results/examples_rclcpp_wait_set/cppcheck.xunit.xml" "--package-name" "examples_rclcpp_wait_set" "--output-file" "/home/clem/ros2_ws/build/examples_rclcpp_wait_set/ament_cppcheck/cppcheck.txt" "--command" "/opt/ros/humble/bin/ament_cppcheck" "--xunit-file" "/home/clem/ros2_ws/build/examples_rclcpp_wait_set/test_results/examples_rclcpp_wait_set/cppcheck.xunit.xml" "--include_dirs" "/home/clem/ros2_ws/src/examples/rclcpp/wait_set/include"</FullCommandLine>
			<Results>
				<NamedMeasurement type="numeric/double" name="Execution Time">
					<Value>0.200602</Value>
				</NamedMeasurement>
				<NamedMeasurement type="numeric/double" name="Processors">
					<Value>1</Value>
				</NamedMeasurement>
				<NamedMeasurement type="text/string" name="Completion Status">
					<Value>Completed</Value>
				</NamedMeasurement>
				<NamedMeasurement type="text/string" name="Command Line">
					<Value>/usr/bin/python3.10 "-u" "/opt/ros/humble/share/ament_cmake_test/cmake/run_test.py" "/home/clem/ros2_ws/build/examples_rclcpp_wait_set/test_results/examples_rclcpp_wait_set/cppcheck.xunit.xml" "--package-name" "examples_rclcpp_wait_set" "--output-file" "/home/clem/ros2_ws/build/examples_rclcpp_wait_set/ament_cppcheck/cppcheck.txt" "--command" "/opt/ros/humble/bin/ament_cppcheck" "--xunit-file" "/home/clem/ros2_ws/build/examples_rclcpp_wait_set/test_results/examples_rclcpp_wait_set/cppcheck.xunit.xml" "--include_dirs" "/home/clem/ros2_ws/src/examples/rclcpp/wait_set/include"</Value>
				</NamedMeasurement>
				<NamedMeasurement type="text/string" name="Environment">
					<Value>#CTEST_RESOURCE_GROUP_COUNT=</Value>
				</NamedMeasurement>
				<Measurement>
					<Value>-- run_test.py: invoking following command in '/home/clem/ros2_ws/src/examples/rclcpp/wait_set':
 - /opt/ros/humble/bin/ament_cppcheck --xunit-file /home/clem/ros2_ws/build/examples_rclcpp_wait_set/test_results/examples_rclcpp_wait_set/cppcheck.xunit.xml --include_dirs /home/clem/ros2_ws/src/examples/rclcpp/wait_set/include
cppcheck 2.7 has known performance issues and therefore will not be used, set the AMENT_CPPCHECK_ALLOW_SLOW_VERSIONS environment variable to override this.
-- run_test.py: return code 0
-- run_test.py: verify result file '/home/clem/ros2_ws/build/examples_rclcpp_wait_set/test_results/examples_rclcpp_wait_set/cppcheck.xunit.xml'
</Value>
				</Measurement>
			</Results>
			<Labels>
				<Label>cppcheck</Label>
				<Label>linter</Label>
			</Labels>
		</Test>
		<Test Status="passed">
			<Name>cpplint</Name>
			<Path>.</Path>
			<FullName>./cpplint</FullName>
			<FullCommandLine>/usr/bin/python3.10 "-u" "/opt/ros/humble/share/ament_cmake_test/cmake/run_test.py" "/home/clem/ros2_ws/build/examples_rclcpp_wait_set/test_results/examples_rclcpp_wait_set/cpplint.xunit.xml" "--package-name" "examples_rclcpp_wait_set" "--output-file" "/home/clem/ros2_ws/build/examples_rclcpp_wait_set/ament_cpplint/cpplint.txt" "--command" "/opt/ros/humble/bin/ament_cpplint" "--xunit-file" "/home/clem/ros2_ws/build/examples_rclcpp_wait_set/test_results/examples_rclcpp_wait_set/cpplint.xunit.xml"</FullCommandLine>
			<Results>
				<NamedMeasurement type="numeric/double" name="Execution Time">
					<Value>0.455896</Value>
				</NamedMeasurement>
				<NamedMeasurement type="numeric/double" name="Processors">
					<Value>1</Value>
				</NamedMeasurement>
				<NamedMeasurement type="text/string" name="Completion Status">
					<Value>Completed</Value>
				</NamedMeasurement>
				<NamedMeasurement type="text/string" name="Command Line">
					<Value>/usr/bin/python3.10 "-u" "/opt/ros/humble/share/ament_cmake_test/cmake/run_test.py" "/home/clem/ros2_ws/build/examples_rclcpp_wait_set/test_results/examples_rclcpp_wait_set/cpplint.xunit.xml" "--package-name" "examples_rclcpp_wait_set" "--output-file" "/home/clem/ros2_ws/build/examples_rclcpp_wait_set/ament_cpplint/cpplint.txt" "--command" "/opt/ros/humble/bin/ament_cpplint" "--xunit-file" "/home/clem/ros2_ws/build/examples_rclcpp_wait_set/test_results/examples_rclcpp_wait_set/cpplint.xunit.xml"</Value>
				</NamedMeasurement>
				<NamedMeasurement type="text/string" name="Environment">
					<Value>#CTEST_RESOURCE_GROUP_COUNT=</Value>
				</NamedMeasurement>
				<Measurement>
					<Value>-- run_test.py: invoking following command in '/home/clem/ros2_ws/src/examples/rclcpp/wait_set':
 - /opt/ros/humble/bin/ament_cpplint --xunit-file /home/clem/ros2_ws/build/examples_rclcpp_wait_set/test_results/examples_rclcpp_wait_set/cpplint.xunit.xml
Using '--root=/home/clem/ros2_ws/src/examples/rclcpp/wait_set/include' argument

Done processing /home/clem/ros2_ws/src/examples/rclcpp/wait_set/include/wait_set/listener.hpp

Done processing /home/clem/ros2_ws/src/examples/rclcpp/wait_set/include/wait_set/random_listener.hpp

Done processing /home/clem/ros2_ws/src/examples/rclcpp/wait_set/include/wait_set/random_talker.hpp

Done processing /home/clem/ros2_ws/src/examples/rclcpp/wait_set/include/wait_set/talker.hpp

Done processing /home/clem/ros2_ws/src/examples/rclcpp/wait_set/include/wait_set/visibility.h

Using '--root=/home/clem/ros2_ws/src/examples/rclcpp/wait_set/src' argument

Done processing /home/clem/ros2_ws/src/examples/rclcpp/wait_set/src/executor_random_order.cpp

Done processing /home/clem/ros2_ws/src/examples/rclcpp/wait_set/src/listener.cpp

Done processing /home/clem/ros2_ws/src/examples/rclcpp/wait_set/src/static_wait_set.cpp

Done processing /home/clem/ros2_ws/src/examples/rclcpp/wait_set/src/talker.cpp

Done processing /home/clem/ros2_ws/src/examples/rclcpp/wait_set/src/thread_safe_wait_set.cpp

Done processing /home/clem/ros2_ws/src/examples/rclcpp/wait_set/src/wait_set.cpp

Done processing /home/clem/ros2_ws/src/examples/rclcpp/wait_set/src/wait_set_composed.cpp

Done processing /home/clem/ros2_ws/src/examples/rclcpp/wait_set/src/wait_set_random_order.cpp

Done processing /home/clem/ros2_ws/src/examples/rclcpp/wait_set/src/wait_set_topics_and_timer.cpp

Done processing /home/clem/ros2_ws/src/examples/rclcpp/wait_set/src/wait_set_topics_with_different_rates.cpp

No problems found
-- run_test.py: return code 0
-- run_test.py: verify result file '/home/clem/ros2_ws/build/examples_rclcpp_wait_set/test_results/examples_rclcpp_wait_set/cpplint.xunit.xml'
</Value>
				</Measurement>
			</Results>
			<Labels>
				<Label>cpplint</Label>
				<Label>linter</Label>
			</Labels>
		</Test>
		<Test Status="passed">
			<Name>lint_cmake</Name>
			<Path>.</Path>
			<FullName>./lint_cmake</FullName>
			<FullCommandLine>/usr/bin/python3.10 "-u" "/opt/ros/humble/share/ament_cmake_test/cmake/run_test.py" "/home/clem/ros2_ws/build/examples_rclcpp_wait_set/test_results/examples_rclcpp_wait_set/lint_cmake.xunit.xml" "--package-name" "examples_rclcpp_wait_set" "--output-file" "/home/clem/ros2_ws/build/examples_rclcpp_wait_set/ament_lint_cmake/lint_cmake.txt" "--command" "/opt/ros/humble/bin/ament_lint_cmake" "--xunit-file" "/home/clem/ros2_ws/build/examples_rclcpp_wait_set/test_results/examples_rclcpp_wait_set/lint_cmake.xunit.xml"</FullCommandLine>
			<Results>
				<NamedMeasurement type="numeric/double" name="Execution Time">
					<Value>0.128158</Value>
				</NamedMeasurement>
				<NamedMeasurement type="numeric/double" name="Processors">
					<Value>1</Value>
				</NamedMeasurement>
				<NamedMeasurement type="text/string" name="Completion Status">
					<Value>Completed</Value>
				</NamedMeasurement>
				<NamedMeasurement type="text/string" name="Command Line">
					<Value>/usr/bin/python3.10 "-u" "/opt/ros/humble/share/ament_cmake_test/cmake/run_test.py" "/home/clem/ros2_ws/build/examples_rclcpp_wait_set/test_results/examples_rclcpp_wait_set/lint_cmake.xunit.xml" "--package-name" "examples_rclcpp_wait_set" "--output-file" "/home/clem/ros2_ws/build/examples_rclcpp_wait_set/ament_lint_cmake/lint_cmake.txt" "--command" "/opt/ros/humble/bin/ament_lint_cmake" "--xunit-file" "/home/clem/ros2_ws/build/examples_rclcpp_wait_set/test_results/examples_rclcpp_wait_set/lint_cmake.xunit.xml"</Value>
				</NamedMeasurement>
				<NamedMeasurement type="text/string" name="Environment">
					<Value>#CTEST_RESOURCE_GROUP_COUNT=</Value>
				</NamedMeasurement>
				<Measurement>
					<Value>-- run_test.py: invoking following command in '/home/clem/ros2_ws/src/examples/rclcpp/wait_set':
 - /opt/ros/humble/bin/ament_lint_cmake --xunit-file /home/clem/ros2_ws/build/examples_rclcpp_wait_set/test_results/examples_rclcpp_wait_set/lint_cmake.xunit.xml

No problems found
-- run_test.py: return code 0
-- run_test.py: verify result file '/home/clem/ros2_ws/build/examples_rclcpp_wait_set/test_results/examples_rclcpp_wait_set/lint_cmake.xunit.xml'
</Value>
				</Measurement>
			</Results>
			<Labels>
				<Label>lint_cmake</Label>
				<Label>linter</Label>
			</Labels>
		</Test>
		<Test Status="passed">
			<Name>uncrustify</Name>
			<Path>.</Path>
			<FullName>./uncrustify</FullName>
			<FullCommandLine>/usr/bin/python3.10 "-u" "/opt/ros/humble/share/ament_cmake_test/cmake/run_test.py" "/home/clem/ros2_ws/build/examples_rclcpp_wait_set/test_results/examples_rclcpp_wait_set/uncrustify.xunit.xml" "--package-name" "examples_rclcpp_wait_set" "--output-file" "/home/clem/ros2_ws/build/examples_rclcpp_wait_set/ament_uncrustify/uncrustify.txt" "--command" "/opt/ros/humble/bin/ament_uncrustify" "--xunit-file" "/home/clem/ros2_ws/build/examples_rclcpp_wait_set/test_results/examples_rclcpp_wait_set/uncrustify.xunit.xml"</FullCommandLine>
			<Results>
				<NamedMeasurement type="numeric/double" name="Execution Time">
					<Value>0.127315</Value>
				</NamedMeasurement>
				<NamedMeasurement type="numeric/double" name="Processors">
					<Value>1</Value>
				</NamedMeasurement>
				<NamedMeasurement type="text/string" name="Completion Status">
					<Value>Completed</Value>
				</NamedMeasurement>
				<NamedMeasurement type="text/string" name="Command Line">
					<Value>/usr/bin/python3.10 "-u" "/opt/ros/humble/share/ament_cmake_test/cmake/run_test.py" "/home/clem/ros2_ws/build/examples_rclcpp_wait_set/test_results/examples_rclcpp_wait_set/uncrustify.xunit.xml" "--package-name" "examples_rclcpp_wait_set" "--output-file" "/home/clem/ros2_ws/build/examples_rclcpp_wait_set/ament_uncrustify/uncrustify.txt" "--command" "/opt/ros/humble/bin/ament_uncrustify" "--xunit-file" "/home/clem/ros2_ws/build/examples_rclcpp_wait_set/test_results/examples_rclcpp_wait_set/uncrustify.xunit.xml"</Value>
				</NamedMeasurement>
				<NamedMeasurement type="text/string" name="Environment">
					<Value>#CTEST_RESOURCE_GROUP_COUNT=</Value>
				</NamedMeasurement>
				<Measurement>
					<Value>-- run_test.py: invoking following command in '/home/clem/ros2_ws/src/examples/rclcpp/wait_set':
 - /opt/ros/humble/bin/ament_uncrustify --xunit-file /home/clem/ros2_ws/build/examples_rclcpp_wait_set/test_results/examples_rclcpp_wait_set/uncrustify.xunit.xml
No code style divergence in file 'include/wait_set/listener.hpp'

No code style divergence in file 'include/wait_set/random_listener.hpp'

No code style divergence in file 'include/wait_set/random_talker.hpp'

No code style divergence in file 'include/wait_set/talker.hpp'

No code style divergence in file 'include/wait_set/visibility.h'

No code style divergence in file 'src/executor_random_order.cpp'

No code style divergence in file 'src/listener.cpp'

No code style divergence in file 'src/static_wait_set.cpp'

No code style divergence in file 'src/talker.cpp'

No code style divergence in file 'src/thread_safe_wait_set.cpp'

No code style divergence in file 'src/wait_set.cpp'

No code style divergence in file 'src/wait_set_composed.cpp'

No code style divergence in file 'src/wait_set_random_order.cpp'

No code style divergence in file 'src/wait_set_topics_and_timer.cpp'

No code style divergence in file 'src/wait_set_topics_with_different_rates.cpp'

No problems found
-- run_test.py: return code 0
-- run_test.py: verify result file '/home/clem/ros2_ws/build/examples_rclcpp_wait_set/test_results/examples_rclcpp_wait_set/uncrustify.xunit.xml'
</Value>
				</Measurement>
			</Results>
			<Labels>
				<Label>linter</Label>
				<Label>uncrustify</Label>
			</Labels>
		</Test>
		<Test Status="passed">
			<Name>xmllint</Name>
			<Path>.</Path>
			<FullName>./xmllint</FullName>
			<FullCommandLine>/usr/bin/python3.10 "-u" "/opt/ros/humble/share/ament_cmake_test/cmake/run_test.py" "/home/clem/ros2_ws/build/examples_rclcpp_wait_set/test_results/examples_rclcpp_wait_set/xmllint.xunit.xml" "--package-name" "examples_rclcpp_wait_set" "--output-file" "/home/clem/ros2_ws/build/examples_rclcpp_wait_set/ament_xmllint/xmllint.txt" "--command" "/opt/ros/humble/bin/ament_xmllint" "--xunit-file" "/home/clem/ros2_ws/build/examples_rclcpp_wait_set/test_results/examples_rclcpp_wait_set/xmllint.xunit.xml"</FullCommandLine>
			<Results>
				<NamedMeasurement type="numeric/double" name="Execution Time">
					<Value>4.26659</Value>
				</NamedMeasurement>
				<NamedMeasurement type="numeric/double" name="Processors">
					<Value>1</Value>
				</NamedMeasurement>
				<NamedMeasurement type="text/string" name="Completion Status">
					<Value>Completed</Value>
				</NamedMeasurement>
				<NamedMeasurement type="text/string" name="Command Line">
					<Value>/usr/bin/python3.10 "-u" "/opt/ros/humble/share/ament_cmake_test/cmake/run_test.py" "/home/clem/ros2_ws/build/examples_rclcpp_wait_set/test_results/examples_rclcpp_wait_set/xmllint.xunit.xml" "--package-name" "examples_rclcpp_wait_set" "--output-file" "/home/clem/ros2_ws/build/examples_rclcpp_wait_set/ament_xmllint/xmllint.txt" "--command" "/opt/ros/humble/bin/ament_xmllint" "--xunit-file" "/home/clem/ros2_ws/build/examples_rclcpp_wait_set/test_results/examples_rclcpp_wait_set/xmllint.xunit.xml"</Value>
				</NamedMeasurement>
				<NamedMeasurement type="text/string" name="Environment">
					<Value>#CTEST_RESOURCE_GROUP_COUNT=</Value>
				</NamedMeasurement>
				<Measurement>
					<Value>-- run_test.py: invoking following command in '/home/clem/ros2_ws/src/examples/rclcpp/wait_set':
 - /opt/ros/humble/bin/ament_xmllint --xunit-file /home/clem/ros2_ws/build/examples_rclcpp_wait_set/test_results/examples_rclcpp_wait_set/xmllint.xunit.xml
File 'package.xml' is valid

No problems found
-- run_test.py: return code 0
-- run_test.py: verify result file '/home/clem/ros2_ws/build/examples_rclcpp_wait_set/test_results/examples_rclcpp_wait_set/xmllint.xunit.xml'
</Value>
				</Measurement>
			</Results>
			<Labels>
				<Label>linter</Label>
				<Label>xmllint</Label>
			</Labels>
		</Test>
		<EndDateTime>Nov 26 17:09 CET</EndDateTime>
		<EndTestTime>1701014943</EndTestTime>
		<ElapsedMinutes>0</ElapsedMinutes>
	</Testing>
</Site>
