<?xml version="1.0" encoding="utf-8"?><testsuites><testsuite name="pytest" errors="0" failures="0" skipped="0" tests="3" time="0.351" timestamp="2023-11-26T17:08:57.615504" hostname="clem-16Z90Q-G-AA79F"><testcase classname="examples_rclpy_executors.executors.test.test_copyright" name="test_copyright" time="0.143" /><testcase classname="examples_rclpy_executors.executors.test.test_flake8" name="test_flake8" time="0.083" /><testcase classname="examples_rclpy_executors.executors.test.test_pep257" name="test_pep257" time="0.060" /></testsuite></testsuites>